<?xml version="1.0" encoding="UTF-8"?>
<testsuite name="com.len.beloggerspring.ExampleTests" tests="1" skipped="0" failures="0" errors="0" timestamp="2024-05-08T01:15:06" hostname="angga-ZenBook-UX425UAZ-UM425UAZ" time="0.669">
  <properties/>
  <testcase name="contextLoads()" classname="com.len.beloggerspring.ExampleTests" time="0.669"/>
  <system-out><![CDATA[2024-05-08 08:15:05.051 [Test worker]  INFO --- org.springframework.test.context.support.AnnotationConfigContextLoaderUtils : Could not detect default configuration classes for test class [com.len.beloggerspring.ExampleTests]: ExampleTests does not declare any static, non-private, non-final, nested classes annotated with @Configuration.
2024-05-08 08:15:05.167 [Test worker]  INFO --- org.springframework.boot.test.context.SpringBootTestContextBootstrapper : Found @SpringBootConfiguration com.len.beloggerspring.BeLoggerSpringApplication for test class com.len.beloggerspring.ExampleTests

  .   ____          _            __ _ _
 /\\ / ___'_ __ _ _(_)_ __  __ _ \ \ \ \
( ( )\___ | '_ | '_| | '_ \/ _` | \ \ \ \
 \\/  ___)| |_)| | | | | || (_| |  ) ) ) )
  '  |____| .__|_| |_|_| |_\__, | / / / /
 =========|_|==============|___/=/_/_/_/
 :: Spring Boot ::                (v3.2.5)

2024-05-08 08:15:05.541 [Test worker]  INFO --- com.len.beloggerspring.ExampleTests : Starting ExampleTests using Java 17.0.10 with PID 8857 (started by angga in /home/angga/Documents/LEN/spring-logger)
2024-05-08 08:15:05.543 [Test worker]  INFO --- com.len.beloggerspring.ExampleTests : No active profile set, falling back to 1 default profile: "default"
2024-05-08 08:15:06.027 [Test worker]  INFO --- com.len.beloggerspring.ExampleTests : Started ExampleTests in 0.727 seconds (process running for 2.202)
2024-05-08 08:15:06.694 [Test worker]  INFO --- com.len.beloggerspring.ExampleTests : Example Info
2024-05-08 08:15:06.694 [Test worker]  WARN --- com.len.beloggerspring.ExampleTests : Example Warning
2024-05-08 08:15:06.694 [Test worker] ERROR --- com.len.beloggerspring.ExampleTests : Example Error
]]></system-out>
  <system-err><![CDATA[]]></system-err>
</testsuite>
